<?xml version="1.0" encoding="UTF-8"?>
<testsuite xmlns:xsi="http://www.w3.org/2001/XMLSchema-instance" xsi:noNamespaceSchemaLocation="https://maven.apache.org/surefire/maven-surefire-plugin/xsd/surefire-test-report-3.0.xsd" version="3.0" name="pu.master.tmsapi.tmsapi.TmsApiApplicationTests" time="8.862" tests="1" errors="0" skipped="0" failures="0">
  <properties>
[...]
</properties>
  <testcase name="contextLoads" classname="pu.master.tmsapi.tmsapi.TmsApiApplicationTests" time="0.702">
    <system-out><![CDATA[20:53:46.627 [main] INFO org.springframework.test.context.support.AnnotationConfigContextLoaderUtils -- Could not detect default configuration classes for test class [pu.master.tmsapi.tmsapi.TmsApiApplicationTests]: TmsApiApplicationTests does not declare any static, non-private, non-final, nested classes annotated with @Configuration.
20:53:46.790 [main] INFO org.springframework.boot.test.context.SpringBootTestContextBootstrapper -- Found @SpringBootConfiguration pu.master.tmsapi.TmsApiApplication for test class pu.master.tmsapi.tmsapi.TmsApiApplicationTests

  .   ____          _            __ _ _
 /\\ / ___'_ __ _ _(_)_ __  __ _ \ \ \ \
( ( )\___ | '_ | '_| | '_ \/ _` | \ \ \ \
 \\/  ___)| |_)| | | | | || (_| |  ) ) ) )
  '  |____| .__|_| |_|_| |_\__, | / / / /
 =========|_|==============|___/=/_/_/_/
 :: Spring Boot ::                (v3.2.2)

2024-02-08T20:53:47.558+02:00  INFO 14108 --- [           main] p.m.t.tmsapi.TmsApiApplicationTests      : Starting TmsApiApplicationTests using Java 17.0.10 with PID 14108 (started by flopp in C:\dev\IntelliJProjects\university-master\tms\tms-api-vaadin)
2024-02-08T20:53:47.560+02:00  INFO 14108 --- [           main] p.m.t.tmsapi.TmsApiApplicationTests      : No active profile set, falling back to 1 default profile: "default"
2024-02-08T20:53:48.750+02:00  INFO 14108 --- [           main] .s.d.r.c.RepositoryConfigurationDelegate : Bootstrapping Spring Data JPA repositories in DEFAULT mode.
2024-02-08T20:53:48.880+02:00  INFO 14108 --- [           main] .s.d.r.c.RepositoryConfigurationDelegate : Finished Spring Data repository scanning in 113 ms. Found 6 JPA repository interfaces.
2024-02-08T20:53:49.521+02:00  INFO 14108 --- [           main] com.zaxxer.hikari.HikariDataSource       : HikariPool-1 - Starting...
2024-02-08T20:53:49.914+02:00  INFO 14108 --- [           main] com.zaxxer.hikari.pool.HikariPool        : HikariPool-1 - Added connection org.postgresql.jdbc.PgConnection@172f4514
2024-02-08T20:53:49.916+02:00  INFO 14108 --- [           main] com.zaxxer.hikari.HikariDataSource       : HikariPool-1 - Start completed.
2024-02-08T20:53:50.089+02:00  INFO 14108 --- [           main] o.hibernate.jpa.internal.util.LogHelper  : HHH000204: Processing PersistenceUnitInfo [name: default]
2024-02-08T20:53:50.244+02:00  INFO 14108 --- [           main] org.hibernate.Version                    : HHH000412: Hibernate ORM core version 6.4.1.Final
2024-02-08T20:53:50.323+02:00  INFO 14108 --- [           main] o.h.c.internal.RegionFactoryInitiator    : HHH000026: Second-level cache disabled
2024-02-08T20:53:50.776+02:00  INFO 14108 --- [           main] o.s.o.j.p.SpringPersistenceUnitInfo      : No LoadTimeWeaver setup: ignoring JPA class transformer
2024-02-08T20:53:50.914+02:00  WARN 14108 --- [           main] org.hibernate.orm.deprecation            : HHH90000025: PostgreSQLDialect does not need to be specified explicitly using 'hibernate.dialect' (remove the property setting and it will be selected by default)
2024-02-08T20:53:52.262+02:00  INFO 14108 --- [           main] o.h.e.t.j.p.i.JtaPlatformInitiator       : HHH000489: No JTA platform available (set 'hibernate.transaction.jta.platform' to enable JTA platform integration)
2024-02-08T20:53:52.488+02:00  INFO 14108 --- [           main] j.LocalContainerEntityManagerFactoryBean : Initialized JPA EntityManagerFactory for persistence unit 'default'
2024-02-08T20:53:53.167+02:00  INFO 14108 --- [           main] o.s.d.j.r.query.QueryEnhancerFactory     : Hibernate is in classpath; If applicable, HQL parser will be used.
2024-02-08T20:53:53.891+02:00  WARN 14108 --- [           main] JpaBaseConfiguration$JpaWebConfiguration : spring.jpa.open-in-view is enabled by default. Therefore, database queries may be performed during view rendering. Explicitly configure spring.jpa.open-in-view to disable this warning
2024-02-08T20:53:54.468+02:00  INFO 14108 --- [           main] p.m.t.tmsapi.TmsApiApplicationTests      : Started TmsApiApplicationTests in 7.396 seconds (process running for 8.986)
]]></system-out>
  </testcase>
</testsuite>